2026-01-30 15:22:06.247 [ main ] - [ INFO  ] [ com.gk.study.MySpringApplication : 55 ] - Starting MySpringApplication using Java 1.8.0_361 on qiyanlei with PID 30900 (D:\aliyun_workspace\housekeeping-cloud\housekeeping-api\target\classes started by qiyan in D:\aliyun_workspace\housekeeping-cloud)
2026-01-30 15:22:06.253 [ main ] - [ INFO  ] [ com.gk.study.MySpringApplication : 659 ] - No active profile set, falling back to default profiles: default
2026-01-30 15:22:08.058 [ main ] - [ INFO  ] [ org.apache.coyote.http11.Http11NioProtocol : 173 ] - Initializing ProtocolHandler ["http-nio-9100"]
2026-01-30 15:22:08.060 [ main ] - [ INFO  ] [ org.apache.catalina.core.StandardService : 173 ] - Starting service [Tomcat]
2026-01-30 15:22:08.060 [ main ] - [ INFO  ] [ org.apache.catalina.core.StandardEngine : 173 ] - Starting Servlet engine: [Apache Tomcat/9.0.53]
2026-01-30 15:22:08.189 [ main ] - [ INFO  ] [ o.a.c.c.ContainerBase.[Tomcat].[localhost].[/api] : 173 ] - Initializing Spring embedded WebApplicationContext
2026-01-30 15:22:18.737 [ main ] - [ INFO  ] [ org.apache.coyote.http11.Http11NioProtocol : 173 ] - Starting ProtocolHandler ["http-nio-9100"]
2026-01-30 15:22:24.980 [ main ] - [ ERROR ] [ c.a.cloud.nacos.registry.NacosServiceRegistry : 79 ] - nacos registry, housekeeping-api register failed...NacosRegistration{nacosDiscoveryProperties=NacosDiscoveryProperties{serverAddr='127.0.0.1:8848', endpoint='', namespace='', watchDelay=30000, logName='', service='housekeeping-api', weight=1.0, clusterName='DEFAULT', group='DEFAULT_GROUP', namingLoadCacheAtStart='false', metadata={preserved.register.source=SPRING_CLOUD}, registerEnabled=true, ip='192.168.50.252', networkInterface='', port=9100, secure=false, accessKey='', secretKey='', heartBeatInterval=null, heartBeatTimeout=null, ipDeleteTimeout=null}},
com.alibaba.nacos.api.exception.NacosException: failed to req API:/nacos/v1/ns/instance after all servers([127.0.0.1:8848]) tried: java.net.ConnectException: Connection refused: connect
	at com.alibaba.nacos.client.naming.net.NamingProxy.reqApi(NamingProxy.java:556)
	at com.alibaba.nacos.client.naming.net.NamingProxy.reqApi(NamingProxy.java:498)
	at com.alibaba.nacos.client.naming.net.NamingProxy.reqApi(NamingProxy.java:493)
	at com.alibaba.nacos.client.naming.net.NamingProxy.registerService(NamingProxy.java:246)
	at com.alibaba.nacos.client.naming.NacosNamingService.registerInstance(NacosNamingService.java:212)
	at com.alibaba.cloud.nacos.registry.NacosServiceRegistry.register(NacosServiceRegistry.java:74)
	at org.springframework.cloud.client.serviceregistry.AbstractAutoServiceRegistration.register(AbstractAutoServiceRegistration.java:232)
	at com.alibaba.cloud.nacos.registry.NacosAutoServiceRegistration.register(NacosAutoServiceRegistration.java:78)
	at org.springframework.cloud.client.serviceregistry.AbstractAutoServiceRegistration.start(AbstractAutoServiceRegistration.java:133)
	at org.springframework.cloud.client.serviceregistry.AbstractAutoServiceRegistration.bind(AbstractAutoServiceRegistration.java:98)
	at org.springframework.cloud.client.serviceregistry.AbstractAutoServiceRegistration.onApplicationEvent(AbstractAutoServiceRegistration.java:86)
	at org.springframework.cloud.client.serviceregistry.AbstractAutoServiceRegistration.onApplicationEvent(AbstractAutoServiceRegistration.java:47)
	at org.springframework.context.event.SimpleApplicationEventMulticaster.doInvokeListener(SimpleApplicationEventMulticaster.java:176)
	at org.springframework.context.event.SimpleApplicationEventMulticaster.invokeListener(SimpleApplicationEventMulticaster.java:169)
	at org.springframework.context.event.SimpleApplicationEventMulticaster.multicastEvent(SimpleApplicationEventMulticaster.java:143)
	at org.springframework.context.support.AbstractApplicationContext.publishEvent(AbstractApplicationContext.java:421)
	at org.springframework.context.support.AbstractApplicationContext.publishEvent(AbstractApplicationContext.java:378)
	at org.springframework.boot.web.servlet.context.WebServerStartStopLifecycle.start(WebServerStartStopLifecycle.java:46)
	at org.springframework.context.support.DefaultLifecycleProcessor.doStart(DefaultLifecycleProcessor.java:178)
	at org.springframework.context.support.DefaultLifecycleProcessor.access$200(DefaultLifecycleProcessor.java:54)
	at org.springframework.context.support.DefaultLifecycleProcessor$LifecycleGroup.start(DefaultLifecycleProcessor.java:356)
	at java.lang.Iterable.forEach(Iterable.java:75)
	at org.springframework.context.support.DefaultLifecycleProcessor.startBeans(DefaultLifecycleProcessor.java:155)
	at org.springframework.context.support.DefaultLifecycleProcessor.onRefresh(DefaultLifecycleProcessor.java:123)
	at org.springframework.context.support.AbstractApplicationContext.finishRefresh(AbstractApplicationContext.java:935)
	at org.springframework.context.support.AbstractApplicationContext.refresh(AbstractApplicationContext.java:586)
	at org.springframework.boot.web.servlet.context.ServletWebServerApplicationContext.refresh(ServletWebServerApplicationContext.java:145)
	at org.springframework.boot.SpringApplication.refresh(SpringApplication.java:754)
	at org.springframework.boot.SpringApplication.refreshContext(SpringApplication.java:434)
	at org.springframework.boot.SpringApplication.run(SpringApplication.java:338)
	at org.springframework.boot.SpringApplication.run(SpringApplication.java:1343)
	at org.springframework.boot.SpringApplication.run(SpringApplication.java:1332)
	at com.gk.study.MySpringApplication.main(MySpringApplication.java:16)
2026-01-30 15:22:34.086 [ main ] - [ INFO  ] [ com.alibaba.druid.pool.DruidDataSource : 2063 ] - {dataSource-0} closing ...
2026-01-30 15:22:34.409 [ main ] - [ INFO  ] [ org.apache.coyote.http11.Http11NioProtocol : 173 ] - Pausing ProtocolHandler ["http-nio-9100"]
2026-01-30 15:22:34.409 [ main ] - [ INFO  ] [ org.apache.catalina.core.StandardService : 173 ] - Stopping service [Tomcat]
2026-01-30 15:22:34.440 [ main ] - [ INFO  ] [ org.apache.coyote.http11.Http11NioProtocol : 173 ] - Stopping ProtocolHandler ["http-nio-9100"]
2026-01-30 15:22:34.441 [ main ] - [ INFO  ] [ org.apache.coyote.http11.Http11NioProtocol : 173 ] - Destroying ProtocolHandler ["http-nio-9100"]
2026-01-30 15:24:12.950 [ Thread-19 ] - [ WARN  ] [ com.alibaba.nacos.common.http.HttpClientBeanHolder : 108 ] - [HttpClientBeanHolder] Start destroying common HttpClient
2026-01-30 15:24:12.950 [ Thread-25 ] - [ WARN  ] [ com.alibaba.nacos.common.notify.NotifyCenter : 145 ] - [NotifyCenter] Start destroying Publisher
2026-01-30 15:24:12.950 [ Thread-25 ] - [ WARN  ] [ com.alibaba.nacos.common.notify.NotifyCenter : 162 ] - [NotifyCenter] Destruction of the end
2026-01-30 15:24:17.386 [ main ] - [ INFO  ] [ com.gk.study.MySpringApplication : 55 ] - Starting MySpringApplication using Java 1.8.0_361 on qiyanlei with PID 15912 (D:\aliyun_workspace\housekeeping-cloud\housekeeping-api\target\classes started by qiyan in D:\aliyun_workspace\housekeeping-cloud)
2026-01-30 15:24:17.391 [ main ] - [ INFO  ] [ com.gk.study.MySpringApplication : 659 ] - No active profile set, falling back to default profiles: default
2026-01-30 15:24:18.796 [ main ] - [ INFO  ] [ org.apache.coyote.http11.Http11NioProtocol : 173 ] - Initializing ProtocolHandler ["http-nio-9100"]
2026-01-30 15:24:18.797 [ main ] - [ INFO  ] [ org.apache.catalina.core.StandardService : 173 ] - Starting service [Tomcat]
2026-01-30 15:24:18.798 [ main ] - [ INFO  ] [ org.apache.catalina.core.StandardEngine : 173 ] - Starting Servlet engine: [Apache Tomcat/9.0.53]
2026-01-30 15:24:18.910 [ main ] - [ INFO  ] [ o.a.c.c.ContainerBase.[Tomcat].[localhost].[/api] : 173 ] - Initializing Spring embedded WebApplicationContext
2026-01-30 15:24:24.159 [ main ] - [ INFO  ] [ org.apache.coyote.http11.Http11NioProtocol : 173 ] - Starting ProtocolHandler ["http-nio-9100"]
2026-01-30 15:24:24.239 [ main ] - [ INFO  ] [ c.a.cloud.nacos.registry.NacosServiceRegistry : 75 ] - nacos registry, DEFAULT_GROUP housekeeping-api 192.168.50.252:9100 register finished
2026-01-30 15:24:24.774 [ main ] - [ INFO  ] [ com.gk.study.MySpringApplication : 61 ] - Started MySpringApplication in 8.653 seconds (JVM running for 10.407)
2026-01-30 16:58:09.159 [ Thread-25 ] - [ WARN  ] [ com.alibaba.nacos.common.notify.NotifyCenter : 145 ] - [NotifyCenter] Start destroying Publisher
2026-01-30 16:58:09.159 [ Thread-19 ] - [ WARN  ] [ com.alibaba.nacos.common.http.HttpClientBeanHolder : 108 ] - [HttpClientBeanHolder] Start destroying common HttpClient
2026-01-30 16:58:09.193 [ Thread-25 ] - [ WARN  ] [ com.alibaba.nacos.common.notify.NotifyCenter : 162 ] - [NotifyCenter] Destruction of the end
2026-01-30 16:58:09.207 [ Thread-19 ] - [ WARN  ] [ com.alibaba.nacos.common.http.HttpClientBeanHolder : 114 ] - [HttpClientBeanHolder] Destruction of the end
2026-01-30 16:58:09.814 [ SpringApplicationShutdownHook ] - [ INFO  ] [ c.a.cloud.nacos.registry.NacosServiceRegistry : 90 ] - De-registering from Nacos Server now...
2026-01-30 16:58:09.822 [ SpringApplicationShutdownHook ] - [ INFO  ] [ c.a.cloud.nacos.registry.NacosServiceRegistry : 110 ] - De-registration finished.
2026-01-30 17:14:29.949 [ main ] - [ INFO  ] [ com.gk.study.MySpringApplication : 55 ] - Starting MySpringApplication using Java 1.8.0_361 on qiyanlei with PID 29716 (D:\aliyun_workspace\housekeeping-cloud\housekeeping-api\target\classes started by qiyan in D:\aliyun_workspace\housekeeping-cloud)
2026-01-30 17:14:29.952 [ main ] - [ INFO  ] [ com.gk.study.MySpringApplication : 659 ] - No active profile set, falling back to default profiles: default
2026-01-30 17:14:30.921 [ main ] - [ INFO  ] [ org.apache.coyote.http11.Http11NioProtocol : 173 ] - Initializing ProtocolHandler ["http-nio-9100"]
2026-01-30 17:14:30.922 [ main ] - [ INFO  ] [ org.apache.catalina.core.StandardService : 173 ] - Starting service [Tomcat]
2026-01-30 17:14:30.923 [ main ] - [ INFO  ] [ org.apache.catalina.core.StandardEngine : 173 ] - Starting Servlet engine: [Apache Tomcat/9.0.53]
2026-01-30 17:14:31.002 [ main ] - [ INFO  ] [ o.a.c.c.ContainerBase.[Tomcat].[localhost].[/api] : 173 ] - Initializing Spring embedded WebApplicationContext
2026-01-30 17:14:34.472 [ main ] - [ INFO  ] [ org.apache.coyote.http11.Http11NioProtocol : 173 ] - Starting ProtocolHandler ["http-nio-9100"]
2026-01-30 17:14:34.503 [ main ] - [ INFO  ] [ c.a.cloud.nacos.registry.NacosServiceRegistry : 75 ] - nacos registry, DEFAULT_GROUP housekeeping-api 192.168.50.252:9100 register finished
2026-01-30 17:14:35.006 [ main ] - [ INFO  ] [ com.gk.study.MySpringApplication : 61 ] - Started MySpringApplication in 6.106 seconds (JVM running for 7.38)
2026-01-30 18:28:59.133 [ Thread-19 ] - [ WARN  ] [ com.alibaba.nacos.common.notify.NotifyCenter : 145 ] - [NotifyCenter] Start destroying Publisher
2026-01-30 18:28:59.133 [ Thread-13 ] - [ WARN  ] [ com.alibaba.nacos.common.http.HttpClientBeanHolder : 108 ] - [HttpClientBeanHolder] Start destroying common HttpClient
2026-01-30 18:28:59.137 [ Thread-19 ] - [ WARN  ] [ com.alibaba.nacos.common.notify.NotifyCenter : 162 ] - [NotifyCenter] Destruction of the end
2026-01-30 18:28:59.140 [ Thread-13 ] - [ WARN  ] [ com.alibaba.nacos.common.http.HttpClientBeanHolder : 114 ] - [HttpClientBeanHolder] Destruction of the end
2026-01-30 18:28:59.739 [ SpringApplicationShutdownHook ] - [ INFO  ] [ c.a.cloud.nacos.registry.NacosServiceRegistry : 90 ] - De-registering from Nacos Server now...
2026-01-30 18:29:05.881 [ SpringApplicationShutdownHook ] - [ ERROR ] [ c.a.cloud.nacos.registry.NacosServiceRegistry : 106 ] - ERR_NACOS_DEREGISTER, de-register failed...NacosRegistration{nacosDiscoveryProperties=NacosDiscoveryProperties{serverAddr='127.0.0.1:8848', endpoint='', namespace='', watchDelay=30000, logName='', service='housekeeping-api', weight=1.0, clusterName='DEFAULT', group='DEFAULT_GROUP', namingLoadCacheAtStart='false', metadata={preserved.register.source=SPRING_CLOUD}, registerEnabled=true, ip='192.168.50.252', networkInterface='', port=9100, secure=false, accessKey='', secretKey='', heartBeatInterval=null, heartBeatTimeout=null, ipDeleteTimeout=null}},
com.alibaba.nacos.api.exception.NacosException: failed to req API:/nacos/v1/ns/instance after all servers([127.0.0.1:8848]) tried: java.net.ConnectException: Connection refused: connect
	at com.alibaba.nacos.client.naming.net.NamingProxy.reqApi(NamingProxy.java:556)
	at com.alibaba.nacos.client.naming.net.NamingProxy.reqApi(NamingProxy.java:498)
	at com.alibaba.nacos.client.naming.net.NamingProxy.reqApi(NamingProxy.java:493)
	at com.alibaba.nacos.client.naming.net.NamingProxy.deregisterService(NamingProxy.java:271)
	at com.alibaba.nacos.client.naming.NacosNamingService.deregisterInstance(NacosNamingService.java:252)
	at com.alibaba.nacos.client.naming.NacosNamingService.deregisterInstance(NacosNamingService.java:238)
	at com.alibaba.cloud.nacos.registry.NacosServiceRegistry.deregister(NacosServiceRegistry.java:102)
	at org.springframework.cloud.client.serviceregistry.AbstractAutoServiceRegistration.deregister(AbstractAutoServiceRegistration.java:249)
	at org.springframework.cloud.client.serviceregistry.AbstractAutoServiceRegistration.stop(AbstractAutoServiceRegistration.java:264)
	at org.springframework.cloud.client.serviceregistry.AbstractAutoServiceRegistration.destroy(AbstractAutoServiceRegistration.java:201)
	at sun.reflect.NativeMethodAccessorImpl.invoke0(Native Method)
	at sun.reflect.NativeMethodAccessorImpl.invoke(NativeMethodAccessorImpl.java:62)
	at sun.reflect.DelegatingMethodAccessorImpl.invoke(DelegatingMethodAccessorImpl.java:43)
	at java.lang.reflect.Method.invoke(Method.java:498)
	at org.springframework.beans.factory.annotation.InitDestroyAnnotationBeanPostProcessor$LifecycleElement.invoke(InitDestroyAnnotationBeanPostProcessor.java:389)
	at org.springframework.beans.factory.annotation.InitDestroyAnnotationBeanPostProcessor$LifecycleMetadata.invokeDestroyMethods(InitDestroyAnnotationBeanPostProcessor.java:347)
	at org.springframework.beans.factory.annotation.InitDestroyAnnotationBeanPostProcessor.postProcessBeforeDestruction(InitDestroyAnnotationBeanPostProcessor.java:177)
	at org.springframework.beans.factory.support.DisposableBeanAdapter.destroy(DisposableBeanAdapter.java:184)
	at org.springframework.beans.factory.support.DefaultSingletonBeanRegistry.destroyBean(DefaultSingletonBeanRegistry.java:587)
	at org.springframework.beans.factory.support.DefaultSingletonBeanRegistry.destroySingleton(DefaultSingletonBeanRegistry.java:559)
	at org.springframework.beans.factory.support.DefaultListableBeanFactory.destroySingleton(DefaultListableBeanFactory.java:1152)
	at org.springframework.beans.factory.support.DefaultSingletonBeanRegistry.destroySingletons(DefaultSingletonBeanRegistry.java:520)
	at org.springframework.beans.factory.support.DefaultListableBeanFactory.destroySingletons(DefaultListableBeanFactory.java:1145)
	at org.springframework.context.support.AbstractApplicationContext.destroyBeans(AbstractApplicationContext.java:1106)
	at org.springframework.context.support.AbstractApplicationContext.doClose(AbstractApplicationContext.java:1075)
	at org.springframework.boot.web.servlet.context.ServletWebServerApplicationContext.doClose(ServletWebServerApplicationContext.java:172)
	at org.springframework.context.support.AbstractApplicationContext.close(AbstractApplicationContext.java:1021)
	at org.springframework.boot.SpringApplicationShutdownHook.closeAndWait(SpringApplicationShutdownHook.java:137)
	at java.lang.Iterable.forEach(Iterable.java:75)
	at org.springframework.boot.SpringApplicationShutdownHook.run(SpringApplicationShutdownHook.java:106)
	at java.lang.Thread.run(Thread.java:750)
2026-01-30 18:29:05.882 [ SpringApplicationShutdownHook ] - [ INFO  ] [ c.a.cloud.nacos.registry.NacosServiceRegistry : 110 ] - De-registration finished.
2026-01-30 18:29:13.965 [ SpringApplicationShutdownHook ] - [ INFO  ] [ com.alibaba.druid.pool.DruidDataSource : 2063 ] - {dataSource-0} closing ...
